  CarDealership.cpp
C:\Users\jkrbn\Downloads\Car-Dealership-Program\CarDealership\CarDealership.cpp(257,11): warning C4309: 'initializing': truncation of constant value
C:\Users\jkrbn\Downloads\Car-Dealership-Program\CarDealership\CarDealership.cpp(920,13): warning C4309: 'initializing': truncation of constant value
C:\Users\jkrbn\Downloads\Car-Dealership-Program\CarDealership\CarDealership.cpp(1094,14): warning C4309: 'initializing': truncation of constant value
C:\Users\jkrbn\Downloads\Car-Dealership-Program\CarDealership\CarDealership.cpp(1241,15): warning C4309: 'initializing': truncation of constant value
C:\Users\jkrbn\Downloads\Car-Dealership-Program\CarDealership\CarDealership.cpp(1446,15): warning C4309: 'initializing': truncation of constant value
C:\Users\jkrbn\Downloads\Car-Dealership-Program\CarDealership\CarDealership.cpp(1595,15): warning C4309: 'initializing': truncation of constant value
C:\Users\jkrbn\Downloads\Car-Dealership-Program\CarDealership\CarDealership.cpp(1906,15): warning C4309: 'initializing': truncation of constant value
C:\Users\jkrbn\Downloads\Car-Dealership-Program\CarDealership\CarDealership.cpp(2237,15): warning C4309: 'initializing': truncation of constant value
C:\Users\jkrbn\Downloads\Car-Dealership-Program\CarDealership\CarDealership.cpp(2648,14): warning C4309: 'initializing': truncation of constant value
C:\Users\jkrbn\Downloads\Car-Dealership-Program\CarDealership\CarDealership.cpp(2838,15): warning C4309: 'initializing': truncation of constant value
C:\Users\jkrbn\Downloads\Car-Dealership-Program\CarDealership\CarDealership.cpp(3011,15): warning C4309: 'initializing': truncation of constant value
C:\Users\jkrbn\Downloads\Car-Dealership-Program\CarDealership\CarDealership.cpp(3173,15): warning C4309: 'initializing': truncation of constant value
C:\Users\jkrbn\Downloads\Car-Dealership-Program\CarDealership\CarDealership.cpp(3698,15): warning C4309: 'initializing': truncation of constant value
C:\Users\jkrbn\Downloads\Car-Dealership-Program\CarDealership\CarDealership.cpp(3838,15): warning C4309: 'initializing': truncation of constant value
C:\Users\jkrbn\Downloads\Car-Dealership-Program\CarDealership\CarDealership.cpp(3936,15): warning C4309: 'initializing': truncation of constant value
C:\Users\jkrbn\Downloads\Car-Dealership-Program\CarDealership\CarDealership.cpp(4261,15): warning C4309: 'initializing': truncation of constant value
C:\Users\jkrbn\Downloads\Car-Dealership-Program\CarDealership\CarDealership.cpp(4601,14): warning C4309: 'initializing': truncation of constant value
C:\Users\jkrbn\Downloads\Car-Dealership-Program\CarDealership\CarDealership.cpp(4783,14): warning C4309: 'initializing': truncation of constant value
C:\Users\jkrbn\Downloads\Car-Dealership-Program\CarDealership\CarDealership.cpp(4888,14): warning C4309: 'initializing': truncation of constant value
C:\Users\jkrbn\Downloads\Car-Dealership-Program\CarDealership\CarDealership.cpp(4957,12): warning C4309: 'initializing': truncation of constant value
C:\Users\jkrbn\Downloads\Car-Dealership-Program\CarDealership\CarDealership.cpp(5186,13): warning C4309: 'initializing': truncation of constant value
C:\Users\jkrbn\Downloads\Car-Dealership-Program\CarDealership\CarDealership.cpp(5346,14): warning C4309: 'initializing': truncation of constant value
C:\Users\jkrbn\Downloads\Car-Dealership-Program\CarDealership\CarDealership.cpp(5528,14): warning C4309: 'initializing': truncation of constant value
C:\Users\jkrbn\Downloads\Car-Dealership-Program\CarDealership\CarDealership.cpp(5638,14): warning C4309: 'initializing': truncation of constant value
C:\Users\jkrbn\Downloads\Car-Dealership-Program\CarDealership\CarDealership.cpp(5719,12): warning C4309: 'initializing': truncation of constant value
C:\Users\jkrbn\Downloads\Car-Dealership-Program\CarDealership\CarDealership.cpp(5827,12): warning C4309: 'initializing': truncation of constant value
C:\Users\jkrbn\Downloads\Car-Dealership-Program\CarDealership\CarDealership.cpp(1236,20): warning C4102: 'AddEmployeeData': unreferenced label
C:\Users\jkrbn\Downloads\Car-Dealership-Program\CarDealership\CarDealership.cpp(1440,20): warning C4102: 'DisplayEmployee': unreferenced label
C:\Users\jkrbn\Downloads\Car-Dealership-Program\CarDealership\CarDealership.cpp(1589,23): warning C4102: 'SearchEmployeeData': unreferenced label
C:\Users\jkrbn\Downloads\Car-Dealership-Program\CarDealership\CarDealership.cpp(4594,13): warning C4102: 'OrderLogs': unreferenced label
C:\Users\jkrbn\Downloads\Car-Dealership-Program\CarDealership\CarDealership.cpp(5975,14): warning C4102: 'SelectColor': unreferenced label
C:\Users\jkrbn\Downloads\Car-Dealership-Program\CarDealership\CarDealership.cpp(6010,11): warning C4102: 'Cashier': unreferenced label
C:\Users\jkrbn\Downloads\Car-Dealership-Program\CarDealership\CarDealership.cpp(581,6): warning C4101: 'carsData': unreferenced local variable
  CarDealership.vcxproj -> C:\Users\jkrbn\Downloads\Car-Dealership-Program\x64\Debug\CarDealership.exe
