  CarDealership.cpp
C:\Users\jkrbn\Downloads\Car-Dealership-Management-Program\CarDealership\CarDealership.cpp(1119,11): warning C4309: 'initializing': truncation of constant value
C:\Users\jkrbn\Downloads\Car-Dealership-Management-Program\CarDealership\CarDealership.cpp(1191,12): warning C4309: 'initializing': truncation of constant value
C:\Users\jkrbn\Downloads\Car-Dealership-Management-Program\CarDealership\CarDealership.cpp(1360,14): warning C4309: 'initializing': truncation of constant value
C:\Users\jkrbn\Downloads\Car-Dealership-Management-Program\CarDealership\CarDealership.cpp(1417,15): warning C4309: 'initializing': truncation of constant value
C:\Users\jkrbn\Downloads\Car-Dealership-Management-Program\CarDealership\CarDealership.cpp(1457,16): warning C4309: 'initializing': truncation of constant value
C:\Users\jkrbn\Downloads\Car-Dealership-Management-Program\CarDealership\CarDealership.cpp(1561,16): warning C4309: 'initializing': truncation of constant value
C:\Users\jkrbn\Downloads\Car-Dealership-Management-Program\CarDealership\CarDealership.cpp(1594,16): warning C4309: 'initializing': truncation of constant value
C:\Users\jkrbn\Downloads\Car-Dealership-Management-Program\CarDealership\CarDealership.cpp(1632,18): warning C4309: 'initializing': truncation of constant value
C:\Users\jkrbn\Downloads\Car-Dealership-Management-Program\CarDealership\CarDealership.cpp(1754,17): warning C4309: 'initializing': truncation of constant value
C:\Users\jkrbn\Downloads\Car-Dealership-Management-Program\CarDealership\CarDealership.cpp(1895,16): warning C4309: 'initializing': truncation of constant value
C:\Users\jkrbn\Downloads\Car-Dealership-Management-Program\CarDealership\CarDealership.cpp(2062,16): warning C4309: 'initializing': truncation of constant value
C:\Users\jkrbn\Downloads\Car-Dealership-Management-Program\CarDealership\CarDealership.cpp(2235,15): warning C4309: 'initializing': truncation of constant value
C:\Users\jkrbn\Downloads\Car-Dealership-Management-Program\CarDealership\CarDealership.cpp(2277,16): warning C4309: 'initializing': truncation of constant value
C:\Users\jkrbn\Downloads\Car-Dealership-Management-Program\CarDealership\CarDealership.cpp(2310,16): warning C4309: 'initializing': truncation of constant value
C:\Users\jkrbn\Downloads\Car-Dealership-Management-Program\CarDealership\CarDealership.cpp(2447,16): warning C4309: 'initializing': truncation of constant value
C:\Users\jkrbn\Downloads\Car-Dealership-Management-Program\CarDealership\CarDealership.cpp(2766,16): warning C4309: 'initializing': truncation of constant value
C:\Users\jkrbn\Downloads\Car-Dealership-Management-Program\CarDealership\CarDealership.cpp(3009,16): warning C4309: 'initializing': truncation of constant value
C:\Users\jkrbn\Downloads\Car-Dealership-Management-Program\CarDealership\CarDealership.cpp(3041,16): warning C4309: 'initializing': truncation of constant value
C:\Users\jkrbn\Downloads\Car-Dealership-Management-Program\CarDealership\CarDealership.cpp(3119,16): warning C4309: 'initializing': truncation of constant value
C:\Users\jkrbn\Downloads\Car-Dealership-Management-Program\CarDealership\CarDealership.cpp(3281,16): warning C4309: 'initializing': truncation of constant value
C:\Users\jkrbn\Downloads\Car-Dealership-Management-Program\CarDealership\CarDealership.cpp(3452,15): warning C4309: 'initializing': truncation of constant value
C:\Users\jkrbn\Downloads\Car-Dealership-Management-Program\CarDealership\CarDealership.cpp(3483,15): warning C4309: 'initializing': truncation of constant value
C:\Users\jkrbn\Downloads\Car-Dealership-Management-Program\CarDealership\CarDealership.cpp(3514,15): warning C4309: 'initializing': truncation of constant value
C:\Users\jkrbn\Downloads\Car-Dealership-Management-Program\CarDealership\CarDealership.cpp(3538,15): warning C4309: 'initializing': truncation of constant value
C:\Users\jkrbn\Downloads\Car-Dealership-Management-Program\CarDealership\CarDealership.cpp(3607,12): warning C4309: 'initializing': truncation of constant value
C:\Users\jkrbn\Downloads\Car-Dealership-Management-Program\CarDealership\CarDealership.cpp(3817,14): warning C4309: 'initializing': truncation of constant value
C:\Users\jkrbn\Downloads\Car-Dealership-Management-Program\CarDealership\CarDealership.cpp(3850,14): warning C4309: 'initializing': truncation of constant value
C:\Users\jkrbn\Downloads\Car-Dealership-Management-Program\CarDealership\CarDealership.cpp(3874,14): warning C4309: 'initializing': truncation of constant value
C:\Users\jkrbn\Downloads\Car-Dealership-Management-Program\CarDealership\CarDealership.cpp(3940,12): warning C4309: 'initializing': truncation of constant value
C:\Users\jkrbn\Downloads\Car-Dealership-Management-Program\CarDealership\CarDealership.cpp(3977,12): warning C4309: 'initializing': truncation of constant value
  Generating code
  1 of 352 functions ( 0.3%) were compiled, the rest were copied from previous compilation.
    0 functions were new in current compilation
    1 functions had inline decision re-evaluated but remain unchanged
  Finished generating code
  CarDealership.vcxproj -> C:\Users\jkrbn\Downloads\Car-Dealership-Management-Program\x64\Release\CarDealership.exe
